<?xml version="1.0" encoding="UTF-8"?>
<testsuite name="com.study.dongbok.web.HelloControllerTest" tests="2" skipped="0" failures="0" errors="0" timestamp="2022-07-10T17:15:39" hostname="DONGBOK" time="0.806">
  <properties/>
  <testcase name="hello가_리턴된다()" classname="com.study.dongbok.web.HelloControllerTest" time="0.373"/>
  <testcase name="helloDto가_리턴된다()" classname="com.study.dongbok.web.HelloControllerTest" time="0.429"/>
  <system-out><![CDATA[2022-07-11 02:15:31.263  INFO 20576 --- [    Test worker] .b.t.a.w.s.WebMvcTestContextBootstrapper : Neither @ContextConfiguration nor @ContextHierarchy found for test class [com.study.dongbok.web.HelloControllerTest], using SpringBootContextLoader
2022-07-11 02:15:31.267  INFO 20576 --- [    Test worker] o.s.t.c.support.AbstractContextLoader    : Could not detect default resource locations for test class [com.study.dongbok.web.HelloControllerTest]: no resource found for suffixes {-context.xml, Context.groovy}.
2022-07-11 02:15:31.268  INFO 20576 --- [    Test worker] t.c.s.AnnotationConfigContextLoaderUtils : Could not detect default configuration classes for test class [com.study.dongbok.web.HelloControllerTest]: HelloControllerTest does not declare any static, non-private, non-final, nested classes annotated with @Configuration.
2022-07-11 02:15:31.386  INFO 20576 --- [    Test worker] .b.t.c.SpringBootTestContextBootstrapper : Found @SpringBootConfiguration com.study.dongbok.Application for test class com.study.dongbok.web.HelloControllerTest
2022-07-11 02:15:31.389  INFO 20576 --- [    Test worker] .b.t.a.w.s.WebMvcTestContextBootstrapper : Loaded default TestExecutionListener class names from location [META-INF/spring.factories]: [org.springframework.security.test.context.support.WithSecurityContextTestExecutionListener, org.springframework.security.test.context.support.ReactorContextTestExecutionListener, org.springframework.boot.test.autoconfigure.restdocs.RestDocsTestExecutionListener, org.springframework.boot.test.autoconfigure.web.client.MockRestServiceServerResetTestExecutionListener, org.springframework.boot.test.autoconfigure.web.servlet.MockMvcPrintOnlyOnFailureTestExecutionListener, org.springframework.boot.test.autoconfigure.web.servlet.WebDriverTestExecutionListener, org.springframework.boot.test.mock.mockito.MockitoTestExecutionListener, org.springframework.boot.test.mock.mockito.ResetMocksTestExecutionListener, org.springframework.test.context.web.ServletTestExecutionListener, org.springframework.test.context.support.DirtiesContextBeforeModesTestExecutionListener, org.springframework.test.context.support.DependencyInjectionTestExecutionListener, org.springframework.test.context.support.DirtiesContextTestExecutionListener, org.springframework.test.context.transaction.TransactionalTestExecutionListener, org.springframework.test.context.jdbc.SqlScriptsTestExecutionListener]
2022-07-11 02:15:31.393  INFO 20576 --- [    Test worker] .b.t.a.w.s.WebMvcTestContextBootstrapper : Using TestExecutionListeners: [org.springframework.test.context.web.ServletTestExecutionListener@76f19cb9, org.springframework.test.context.support.DirtiesContextBeforeModesTestExecutionListener@bcd5c9a, org.springframework.boot.test.mock.mockito.MockitoTestExecutionListener@b181a, org.springframework.boot.test.autoconfigure.SpringBootDependencyInjectionTestExecutionListener@7ede9761, org.springframework.test.context.support.DirtiesContextTestExecutionListener@430d857, org.springframework.test.context.transaction.TransactionalTestExecutionListener@65f86dc7, org.springframework.test.context.jdbc.SqlScriptsTestExecutionListener@3deb62aa, org.springframework.security.test.context.support.WithSecurityContextTestExecutionListener@37048fe9, org.springframework.security.test.context.support.ReactorContextTestExecutionListener@35f41b3e, org.springframework.boot.test.autoconfigure.restdocs.RestDocsTestExecutionListener@13c4de12, org.springframework.boot.test.autoconfigure.web.client.MockRestServiceServerResetTestExecutionListener@75dc00f2, org.springframework.boot.test.autoconfigure.web.servlet.MockMvcPrintOnlyOnFailureTestExecutionListener@66b4b267, org.springframework.boot.test.autoconfigure.web.servlet.WebDriverTestExecutionListener@730c7864, org.springframework.boot.test.mock.mockito.ResetMocksTestExecutionListener@468d1c59]

  .   ____          _            __ _ _
 /\\ / ___'_ __ _ _(_)_ __  __ _ \ \ \ \
( ( )\___ | '_ | '_| | '_ \/ _` | \ \ \ \
 \\/  ___)| |_)| | | | | || (_| |  ) ) ) )
  '  |____| .__|_| |_|_| |_\__, | / / / /
 =========|_|==============|___/=/_/_/_/
 :: Spring Boot ::        (v2.1.7.RELEASE)

2022-07-11 02:15:31.612  INFO 20576 --- [    Test worker] c.study.dongbok.web.HelloControllerTest  : Starting HelloControllerTest on dongbok with PID 20576 (started by 이동복 in C:\Users\typoo\Desktop\study\springboot_aws_webservice\dongbok)
2022-07-11 02:15:31.616  INFO 20576 --- [    Test worker] c.study.dongbok.web.HelloControllerTest  : No active profile set, falling back to default profiles: default
2022-07-11 02:15:34.976  INFO 20576 --- [    Test worker] o.s.s.concurrent.ThreadPoolTaskExecutor  : Initializing ExecutorService 'applicationTaskExecutor'
2022-07-11 02:15:35.321  INFO 20576 --- [    Test worker] o.s.b.a.w.s.WelcomePageHandlerMapping    : Adding welcome page template: index
2022-07-11 02:15:37.480  INFO 20576 --- [    Test worker] .s.s.UserDetailsServiceAutoConfiguration : 

Using generated security password: 9b322618-f50d-41be-89e6-c090087fc039

2022-07-11 02:15:38.527  INFO 20576 --- [    Test worker] o.s.s.web.DefaultSecurityFilterChain     : Creating filter chain: any request, [org.springframework.security.web.context.request.async.WebAsyncManagerIntegrationFilter@3174a400, org.springframework.security.web.context.SecurityContextPersistenceFilter@3acb7dc7, org.springframework.security.web.header.HeaderWriterFilter@7cb7fbe5, org.springframework.security.web.csrf.CsrfFilter@458712ef, org.springframework.security.web.authentication.logout.LogoutFilter@499605eb, org.springframework.security.web.authentication.UsernamePasswordAuthenticationFilter@3f8cd103, org.springframework.security.web.authentication.ui.DefaultLoginPageGeneratingFilter@70e6d3c7, org.springframework.security.web.authentication.ui.DefaultLogoutPageGeneratingFilter@72289b84, org.springframework.security.web.authentication.www.BasicAuthenticationFilter@4d609455, org.springframework.security.web.savedrequest.RequestCacheAwareFilter@6635634c, org.springframework.security.web.servletapi.SecurityContextHolderAwareRequestFilter@259ed4bc, org.springframework.security.web.authentication.AnonymousAuthenticationFilter@3b236ba8, org.springframework.security.web.session.SessionManagementFilter@15a8ef6, org.springframework.security.web.access.ExceptionTranslationFilter@1339f369, org.springframework.security.web.access.intercept.FilterSecurityInterceptor@27411997]
2022-07-11 02:15:38.793  INFO 20576 --- [    Test worker] o.s.b.t.m.w.SpringBootMockServletContext : Initializing Spring TestDispatcherServlet ''
2022-07-11 02:15:38.794  INFO 20576 --- [    Test worker] o.s.t.web.servlet.TestDispatcherServlet  : Initializing Servlet ''
2022-07-11 02:15:38.873  INFO 20576 --- [    Test worker] o.s.t.web.servlet.TestDispatcherServlet  : Completed initialization in 78 ms
2022-07-11 02:15:39.027  INFO 20576 --- [    Test worker] c.study.dongbok.web.HelloControllerTest  : Started HelloControllerTest in 7.626 seconds (JVM running for 70.464)
]]></system-out>
  <system-err><![CDATA[]]></system-err>
</testsuite>
