<?xml version="1.0" encoding="UTF-8"?>
<testsuite name="com.study.dongbok.web.HelloControllerTest" tests="2" skipped="0" failures="0" errors="0" timestamp="2022-07-10T19:09:30" hostname="DONGBOK" time="0.459">
  <properties/>
  <testcase name="hello가_리턴된다()" classname="com.study.dongbok.web.HelloControllerTest" time="0.202"/>
  <testcase name="helloDto가_리턴된다()" classname="com.study.dongbok.web.HelloControllerTest" time="0.255"/>
  <system-out><![CDATA[2022-07-11 04:09:26.407  INFO 33652 --- [    Test worker] .b.t.a.w.s.WebMvcTestContextBootstrapper : Neither @ContextConfiguration nor @ContextHierarchy found for test class [com.study.dongbok.web.HelloControllerTest], using SpringBootContextLoader
2022-07-11 04:09:26.409  INFO 33652 --- [    Test worker] o.s.t.c.support.AbstractContextLoader    : Could not detect default resource locations for test class [com.study.dongbok.web.HelloControllerTest]: no resource found for suffixes {-context.xml, Context.groovy}.
2022-07-11 04:09:26.409  INFO 33652 --- [    Test worker] t.c.s.AnnotationConfigContextLoaderUtils : Could not detect default configuration classes for test class [com.study.dongbok.web.HelloControllerTest]: HelloControllerTest does not declare any static, non-private, non-final, nested classes annotated with @Configuration.
2022-07-11 04:09:26.479  INFO 33652 --- [    Test worker] .b.t.c.SpringBootTestContextBootstrapper : Found @SpringBootConfiguration com.study.dongbok.Application for test class com.study.dongbok.web.HelloControllerTest
2022-07-11 04:09:26.480  INFO 33652 --- [    Test worker] .b.t.a.w.s.WebMvcTestContextBootstrapper : Loaded default TestExecutionListener class names from location [META-INF/spring.factories]: [org.springframework.security.test.context.support.WithSecurityContextTestExecutionListener, org.springframework.security.test.context.support.ReactorContextTestExecutionListener, org.springframework.boot.test.autoconfigure.restdocs.RestDocsTestExecutionListener, org.springframework.boot.test.autoconfigure.web.client.MockRestServiceServerResetTestExecutionListener, org.springframework.boot.test.autoconfigure.web.servlet.MockMvcPrintOnlyOnFailureTestExecutionListener, org.springframework.boot.test.autoconfigure.web.servlet.WebDriverTestExecutionListener, org.springframework.boot.test.mock.mockito.MockitoTestExecutionListener, org.springframework.boot.test.mock.mockito.ResetMocksTestExecutionListener, org.springframework.test.context.web.ServletTestExecutionListener, org.springframework.test.context.support.DirtiesContextBeforeModesTestExecutionListener, org.springframework.test.context.support.DependencyInjectionTestExecutionListener, org.springframework.test.context.support.DirtiesContextTestExecutionListener, org.springframework.test.context.transaction.TransactionalTestExecutionListener, org.springframework.test.context.jdbc.SqlScriptsTestExecutionListener]
2022-07-11 04:09:26.485  INFO 33652 --- [    Test worker] .b.t.a.w.s.WebMvcTestContextBootstrapper : Using TestExecutionListeners: [org.springframework.test.context.web.ServletTestExecutionListener@74e51160, org.springframework.test.context.support.DirtiesContextBeforeModesTestExecutionListener@1ef37d2b, org.springframework.boot.test.mock.mockito.MockitoTestExecutionListener@8265e16, org.springframework.boot.test.autoconfigure.SpringBootDependencyInjectionTestExecutionListener@53334f0c, org.springframework.test.context.support.DirtiesContextTestExecutionListener@f012a1b, org.springframework.test.context.transaction.TransactionalTestExecutionListener@a1e04f5, org.springframework.test.context.jdbc.SqlScriptsTestExecutionListener@30722d4e, org.springframework.security.test.context.support.WithSecurityContextTestExecutionListener@79704f63, org.springframework.security.test.context.support.ReactorContextTestExecutionListener@7fa7e3a4, org.springframework.boot.test.autoconfigure.restdocs.RestDocsTestExecutionListener@5e46909, org.springframework.boot.test.autoconfigure.web.client.MockRestServiceServerResetTestExecutionListener@245d3ca6, org.springframework.boot.test.autoconfigure.web.servlet.MockMvcPrintOnlyOnFailureTestExecutionListener@5fad6419, org.springframework.boot.test.autoconfigure.web.servlet.WebDriverTestExecutionListener@1fd7068b, org.springframework.boot.test.mock.mockito.ResetMocksTestExecutionListener@39dd8859]

  .   ____          _            __ _ _
 /\\ / ___'_ __ _ _(_)_ __  __ _ \ \ \ \
( ( )\___ | '_ | '_| | '_ \/ _` | \ \ \ \
 \\/  ___)| |_)| | | | | || (_| |  ) ) ) )
  '  |____| .__|_| |_|_| |_\__, | / / / /
 =========|_|==============|___/=/_/_/_/
 :: Spring Boot ::        (v2.1.7.RELEASE)

2022-07-11 04:09:26.600  INFO 33652 --- [    Test worker] c.study.dongbok.web.HelloControllerTest  : Starting HelloControllerTest on dongbok with PID 33652 (started by 이동복 in C:\Users\typoo\Desktop\study\springboot_aws_webservice\dongbok)
2022-07-11 04:09:26.603  INFO 33652 --- [    Test worker] c.study.dongbok.web.HelloControllerTest  : No active profile set, falling back to default profiles: default
2022-07-11 04:09:28.422  INFO 33652 --- [    Test worker] o.s.s.concurrent.ThreadPoolTaskExecutor  : Initializing ExecutorService 'applicationTaskExecutor'
2022-07-11 04:09:28.550  INFO 33652 --- [    Test worker] o.s.b.a.w.s.WelcomePageHandlerMapping    : Adding welcome page template: index
2022-07-11 04:09:29.365  INFO 33652 --- [    Test worker] .s.s.UserDetailsServiceAutoConfiguration : 

Using generated security password: 0c441dde-bff0-4620-9135-4fcbaeeaa2a1

2022-07-11 04:09:29.862  INFO 33652 --- [    Test worker] o.s.s.web.DefaultSecurityFilterChain     : Creating filter chain: any request, [org.springframework.security.web.context.request.async.WebAsyncManagerIntegrationFilter@2ea0301f, org.springframework.security.web.context.SecurityContextPersistenceFilter@1da9d9b0, org.springframework.security.web.header.HeaderWriterFilter@29d2eb0e, org.springframework.security.web.csrf.CsrfFilter@24103fc4, org.springframework.security.web.authentication.logout.LogoutFilter@22d1c89a, org.springframework.security.web.authentication.UsernamePasswordAuthenticationFilter@cf09611, org.springframework.security.web.authentication.ui.DefaultLoginPageGeneratingFilter@74ddeab7, org.springframework.security.web.authentication.ui.DefaultLogoutPageGeneratingFilter@169c05f3, org.springframework.security.web.authentication.www.BasicAuthenticationFilter@5e894ece, org.springframework.security.web.savedrequest.RequestCacheAwareFilter@e4bed6c, org.springframework.security.web.servletapi.SecurityContextHolderAwareRequestFilter@30fffd30, org.springframework.security.web.authentication.AnonymousAuthenticationFilter@277d6d0, org.springframework.security.web.session.SessionManagementFilter@c190fef, org.springframework.security.web.access.ExceptionTranslationFilter@1600ae3f, org.springframework.security.web.access.intercept.FilterSecurityInterceptor@7b4c7ba5]
2022-07-11 04:09:29.952  INFO 33652 --- [    Test worker] o.s.b.t.m.w.SpringBootMockServletContext : Initializing Spring TestDispatcherServlet ''
2022-07-11 04:09:29.952  INFO 33652 --- [    Test worker] o.s.t.web.servlet.TestDispatcherServlet  : Initializing Servlet ''
2022-07-11 04:09:29.991  INFO 33652 --- [    Test worker] o.s.t.web.servlet.TestDispatcherServlet  : Completed initialization in 39 ms
2022-07-11 04:09:30.063  INFO 33652 --- [    Test worker] c.study.dongbok.web.HelloControllerTest  : Started HelloControllerTest in 3.567 seconds (JVM running for 30.953)
]]></system-out>
  <system-err><![CDATA[]]></system-err>
</testsuite>
