<?xml version="1.0" encoding="UTF-8"?>
<testsuite name="com.study.dongbok.domain.posts.PostsRepositoryTest" tests="2" skipped="0" failures="0" errors="0" timestamp="2022-07-10T19:09:25" hostname="DONGBOK" time="1.195">
  <properties/>
  <testcase name="게시글저장_불러오기()" classname="com.study.dongbok.domain.posts.PostsRepositoryTest" time="1.029"/>
  <testcase name="BaseTimeEntity_등록()" classname="com.study.dongbok.domain.posts.PostsRepositoryTest" time="0.163"/>
  <system-out><![CDATA[04:09:04.792 [Test worker] DEBUG org.springframework.test.context.BootstrapUtils - Instantiating CacheAwareContextLoaderDelegate from class [org.springframework.test.context.cache.DefaultCacheAwareContextLoaderDelegate]
04:09:04.867 [Test worker] DEBUG org.springframework.test.context.BootstrapUtils - Instantiating BootstrapContext using constructor [public org.springframework.test.context.support.DefaultBootstrapContext(java.lang.Class,org.springframework.test.context.CacheAwareContextLoaderDelegate)]
04:09:04.924 [Test worker] DEBUG org.springframework.test.context.BootstrapUtils - Instantiating TestContextBootstrapper for test class [com.study.dongbok.domain.posts.PostsRepositoryTest] from class [org.springframework.boot.test.context.SpringBootTestContextBootstrapper]
04:09:04.966 [Test worker] INFO org.springframework.boot.test.context.SpringBootTestContextBootstrapper - Neither @ContextConfiguration nor @ContextHierarchy found for test class [com.study.dongbok.domain.posts.PostsRepositoryTest], using SpringBootContextLoader
04:09:04.975 [Test worker] DEBUG org.springframework.test.context.support.AbstractContextLoader - Did not detect default resource location for test class [com.study.dongbok.domain.posts.PostsRepositoryTest]: class path resource [com/study/dongbok/domain/posts/PostsRepositoryTest-context.xml] does not exist
04:09:04.978 [Test worker] DEBUG org.springframework.test.context.support.AbstractContextLoader - Did not detect default resource location for test class [com.study.dongbok.domain.posts.PostsRepositoryTest]: class path resource [com/study/dongbok/domain/posts/PostsRepositoryTestContext.groovy] does not exist
04:09:04.979 [Test worker] INFO org.springframework.test.context.support.AbstractContextLoader - Could not detect default resource locations for test class [com.study.dongbok.domain.posts.PostsRepositoryTest]: no resource found for suffixes {-context.xml, Context.groovy}.
04:09:04.982 [Test worker] INFO org.springframework.test.context.support.AnnotationConfigContextLoaderUtils - Could not detect default configuration classes for test class [com.study.dongbok.domain.posts.PostsRepositoryTest]: PostsRepositoryTest does not declare any static, non-private, non-final, nested classes annotated with @Configuration.
04:09:05.088 [Test worker] DEBUG org.springframework.test.context.support.ActiveProfilesUtils - Could not find an 'annotation declaring class' for annotation type [org.springframework.test.context.ActiveProfiles] and class [com.study.dongbok.domain.posts.PostsRepositoryTest]
04:09:05.303 [Test worker] DEBUG org.springframework.context.annotation.ClassPathScanningCandidateComponentProvider - Identified candidate component class: file [C:\Users\typoo\Desktop\study\springboot_aws_webservice\dongbok\build\classes\java\main\com\study\dongbok\Application.class]
04:09:05.310 [Test worker] INFO org.springframework.boot.test.context.SpringBootTestContextBootstrapper - Found @SpringBootConfiguration com.study.dongbok.Application for test class com.study.dongbok.domain.posts.PostsRepositoryTest
04:09:05.623 [Test worker] DEBUG org.springframework.boot.test.context.SpringBootTestContextBootstrapper - @TestExecutionListeners is not present for class [com.study.dongbok.domain.posts.PostsRepositoryTest]: using defaults.
04:09:05.625 [Test worker] INFO org.springframework.boot.test.context.SpringBootTestContextBootstrapper - Loaded default TestExecutionListener class names from location [META-INF/spring.factories]: [org.springframework.security.test.context.support.WithSecurityContextTestExecutionListener, org.springframework.security.test.context.support.ReactorContextTestExecutionListener, org.springframework.boot.test.autoconfigure.restdocs.RestDocsTestExecutionListener, org.springframework.boot.test.autoconfigure.web.client.MockRestServiceServerResetTestExecutionListener, org.springframework.boot.test.autoconfigure.web.servlet.MockMvcPrintOnlyOnFailureTestExecutionListener, org.springframework.boot.test.autoconfigure.web.servlet.WebDriverTestExecutionListener, org.springframework.boot.test.mock.mockito.MockitoTestExecutionListener, org.springframework.boot.test.mock.mockito.ResetMocksTestExecutionListener, org.springframework.test.context.web.ServletTestExecutionListener, org.springframework.test.context.support.DirtiesContextBeforeModesTestExecutionListener, org.springframework.test.context.support.DependencyInjectionTestExecutionListener, org.springframework.test.context.support.DirtiesContextTestExecutionListener, org.springframework.test.context.transaction.TransactionalTestExecutionListener, org.springframework.test.context.jdbc.SqlScriptsTestExecutionListener]
04:09:05.677 [Test worker] INFO org.springframework.boot.test.context.SpringBootTestContextBootstrapper - Using TestExecutionListeners: [org.springframework.test.context.web.ServletTestExecutionListener@1c153c6b, org.springframework.test.context.support.DirtiesContextBeforeModesTestExecutionListener@8c7810a, org.springframework.boot.test.mock.mockito.MockitoTestExecutionListener@75d631ab, org.springframework.boot.test.autoconfigure.SpringBootDependencyInjectionTestExecutionListener@8eefa86, org.springframework.test.context.support.DirtiesContextTestExecutionListener@3d2d6994, org.springframework.test.context.transaction.TransactionalTestExecutionListener@95670ea, org.springframework.test.context.jdbc.SqlScriptsTestExecutionListener@4d495302, org.springframework.security.test.context.support.WithSecurityContextTestExecutionListener@320cbae7, org.springframework.security.test.context.support.ReactorContextTestExecutionListener@643b04fb, org.springframework.boot.test.autoconfigure.restdocs.RestDocsTestExecutionListener@5ed0e9b6, org.springframework.boot.test.autoconfigure.web.client.MockRestServiceServerResetTestExecutionListener@5986602d, org.springframework.boot.test.autoconfigure.web.servlet.MockMvcPrintOnlyOnFailureTestExecutionListener@e8a3278, org.springframework.boot.test.autoconfigure.web.servlet.WebDriverTestExecutionListener@32aae38e, org.springframework.boot.test.mock.mockito.ResetMocksTestExecutionListener@6b6e3134]
04:09:05.690 [Test worker] DEBUG org.springframework.test.context.support.AbstractDirtiesContextTestExecutionListener - Before test class: context [DefaultTestContext@54c864b8 testClass = PostsRepositoryTest, testInstance = [null], testMethod = [null], testException = [null], mergedContextConfiguration = [WebMergedContextConfiguration@3a0cb6c1 testClass = PostsRepositoryTest, locations = '{}', classes = '{class com.study.dongbok.Application}', contextInitializerClasses = '[]', activeProfiles = '{}', propertySourceLocations = '{}', propertySourceProperties = '{org.springframework.boot.test.context.SpringBootTestContextBootstrapper=true}', contextCustomizers = set[org.springframework.boot.test.autoconfigure.properties.PropertyMappingContextCustomizer@0, org.springframework.boot.test.autoconfigure.web.servlet.WebDriverContextCustomizerFactory$Customizer@36eb661, org.springframework.boot.test.context.filter.ExcludeFilterContextCustomizer@77619dd6, org.springframework.boot.test.json.DuplicateJsonObjectContextCustomizerFactory$DuplicateJsonObjectContextCustomizer@49f107e4, org.springframework.boot.test.mock.mockito.MockitoContextCustomizer@0, org.springframework.boot.test.web.client.TestRestTemplateContextCustomizer@1d7957d3], resourceBasePath = 'src/main/webapp', contextLoader = 'org.springframework.boot.test.context.SpringBootContextLoader', parent = [null]], attributes = map['org.springframework.test.context.web.ServletTestExecutionListener.activateListener' -> true]], class annotated with @DirtiesContext [false] with mode [null].
04:09:05.752 [Test worker] DEBUG org.springframework.test.context.support.TestPropertySourceUtils - Adding inlined properties to environment: {spring.jmx.enabled=false, org.springframework.boot.test.context.SpringBootTestContextBootstrapper=true, server.port=-1}

  .   ____          _            __ _ _
 /\\ / ___'_ __ _ _(_)_ __  __ _ \ \ \ \
( ( )\___ | '_ | '_| | '_ \/ _` | \ \ \ \
 \\/  ___)| |_)| | | | | || (_| |  ) ) ) )
  '  |____| .__|_| |_|_| |_\__, | / / / /
 =========|_|==============|___/=/_/_/_/
 :: Spring Boot ::        (v2.1.7.RELEASE)

2022-07-11 04:09:06.552  INFO 33652 --- [    Test worker] c.s.d.domain.posts.PostsRepositoryTest   : Starting PostsRepositoryTest on dongbok with PID 33652 (started by 이동복 in C:\Users\typoo\Desktop\study\springboot_aws_webservice\dongbok)
2022-07-11 04:09:06.556  INFO 33652 --- [    Test worker] c.s.d.domain.posts.PostsRepositoryTest   : No active profile set, falling back to default profiles: default
2022-07-11 04:09:09.845  INFO 33652 --- [    Test worker] .s.d.r.c.RepositoryConfigurationDelegate : Bootstrapping Spring Data repositories in DEFAULT mode.
2022-07-11 04:09:10.144  INFO 33652 --- [    Test worker] .s.d.r.c.RepositoryConfigurationDelegate : Finished Spring Data repository scanning in 270ms. Found 2 repository interfaces.
2022-07-11 04:09:12.005  INFO 33652 --- [    Test worker] trationDelegate$BeanPostProcessorChecker : Bean 'org.springframework.transaction.annotation.ProxyTransactionManagementConfiguration' of type [org.springframework.transaction.annotation.ProxyTransactionManagementConfiguration$$EnhancerBySpringCGLIB$$bfdee1e] is not eligible for getting processed by all BeanPostProcessors (for example: not eligible for auto-proxying)
2022-07-11 04:09:12.666  INFO 33652 --- [    Test worker] com.zaxxer.hikari.HikariDataSource       : HikariPool-1 - Starting...
2022-07-11 04:09:12.926  INFO 33652 --- [    Test worker] com.zaxxer.hikari.HikariDataSource       : HikariPool-1 - Start completed.
2022-07-11 04:09:13.154  INFO 33652 --- [    Test worker] o.hibernate.jpa.internal.util.LogHelper  : HHH000204: Processing PersistenceUnitInfo [
	name: default
	...]
2022-07-11 04:09:13.426  INFO 33652 --- [    Test worker] org.hibernate.Version                    : HHH000412: Hibernate Core {5.3.10.Final}
2022-07-11 04:09:13.431  INFO 33652 --- [    Test worker] org.hibernate.cfg.Environment            : HHH000206: hibernate.properties not found
2022-07-11 04:09:14.032  INFO 33652 --- [    Test worker] o.hibernate.annotations.common.Version   : HCANN000001: Hibernate Commons Annotations {5.0.4.Final}
2022-07-11 04:09:14.627  INFO 33652 --- [    Test worker] org.hibernate.dialect.Dialect            : HHH000400: Using dialect: org.hibernate.dialect.MySQL57Dialect
2022-07-11 04:09:16.635  INFO 33652 --- [    Test worker] j.LocalContainerEntityManagerFactoryBean : Initialized JPA EntityManagerFactory for persistence unit 'default'
2022-07-11 04:09:18.460  INFO 33652 --- [    Test worker] o.h.h.i.QueryTranslatorFactoryInitiator  : HHH000397: Using ASTQueryTranslatorFactory
2022-07-11 04:09:20.387  INFO 33652 --- [    Test worker] o.s.s.web.DefaultSecurityFilterChain     : Creating filter chain: any request, [org.springframework.security.web.context.request.async.WebAsyncManagerIntegrationFilter@2e6a115c, org.springframework.security.web.context.SecurityContextPersistenceFilter@10b392a3, org.springframework.security.web.header.HeaderWriterFilter@17ffe069, org.springframework.security.web.authentication.logout.LogoutFilter@64aad6a7, org.springframework.security.oauth2.client.web.OAuth2AuthorizationRequestRedirectFilter@4741ab6d, org.springframework.security.oauth2.client.web.OAuth2LoginAuthenticationFilter@556cb339, org.springframework.security.web.authentication.ui.DefaultLoginPageGeneratingFilter@1d9c4dfb, org.springframework.security.web.authentication.ui.DefaultLogoutPageGeneratingFilter@1d02ce15, org.springframework.security.web.savedrequest.RequestCacheAwareFilter@6971be8d, org.springframework.security.web.servletapi.SecurityContextHolderAwareRequestFilter@1b083cb2, org.springframework.security.web.authentication.AnonymousAuthenticationFilter@29b17712, org.springframework.security.web.session.SessionManagementFilter@47162f2f, org.springframework.security.web.access.ExceptionTranslationFilter@1735e76, org.springframework.security.web.access.intercept.FilterSecurityInterceptor@66c177aa]
2022-07-11 04:09:22.635  INFO 33652 --- [    Test worker] o.s.s.concurrent.ThreadPoolTaskExecutor  : Initializing ExecutorService 'applicationTaskExecutor'
2022-07-11 04:09:22.854  WARN 33652 --- [    Test worker] aWebConfiguration$JpaWebMvcConfiguration : spring.jpa.open-in-view is enabled by default. Therefore, database queries may be performed during view rendering. Explicitly configure spring.jpa.open-in-view to disable this warning
2022-07-11 04:09:23.057  INFO 33652 --- [    Test worker] o.s.b.a.w.s.WelcomePageHandlerMapping    : Adding welcome page template: index
2022-07-11 04:09:25.103  INFO 33652 --- [    Test worker] s.a.ScheduledAnnotationBeanPostProcessor : No TaskScheduler/ScheduledExecutorService bean found for scheduled processing
2022-07-11 04:09:25.142  INFO 33652 --- [    Test worker] c.s.d.domain.posts.PostsRepositoryTest   : Started PostsRepositoryTest in 19.365 seconds (JVM running for 26.032)
>>>>>>>>> CreateDate=2022-07-11T04:09:26, modifiedDate=2022-07-11T04:09:26
]]></system-out>
  <system-err><![CDATA[]]></system-err>
</testsuite>
