<?xml version="1.0" encoding="UTF-8"?>
<testsuite name="com.study.dongbok.web.PostApiControllerTest" tests="2" skipped="0" failures="0" errors="0" timestamp="2022-07-10T17:15:54" hostname="DONGBOK" time="1.0">
  <properties/>
  <testcase name="Posts_등록된다()" classname="com.study.dongbok.web.PostApiControllerTest" time="0.631"/>
  <testcase name="Posts_수정된다()" classname="com.study.dongbok.web.PostApiControllerTest" time="0.365"/>
  <system-out><![CDATA[2022-07-11 02:15:39.863  INFO 20576 --- [    Test worker] .b.t.c.SpringBootTestContextBootstrapper : Neither @ContextConfiguration nor @ContextHierarchy found for test class [com.study.dongbok.web.PostApiControllerTest], using SpringBootContextLoader
2022-07-11 02:15:39.868  INFO 20576 --- [    Test worker] o.s.t.c.support.AbstractContextLoader    : Could not detect default resource locations for test class [com.study.dongbok.web.PostApiControllerTest]: no resource found for suffixes {-context.xml, Context.groovy}.
2022-07-11 02:15:39.870  INFO 20576 --- [    Test worker] t.c.s.AnnotationConfigContextLoaderUtils : Could not detect default configuration classes for test class [com.study.dongbok.web.PostApiControllerTest]: PostApiControllerTest does not declare any static, non-private, non-final, nested classes annotated with @Configuration.
2022-07-11 02:15:39.876  INFO 20576 --- [    Test worker] .b.t.c.SpringBootTestContextBootstrapper : Found @SpringBootConfiguration com.study.dongbok.Application for test class com.study.dongbok.web.PostApiControllerTest
2022-07-11 02:15:39.879  INFO 20576 --- [    Test worker] .b.t.c.SpringBootTestContextBootstrapper : Loaded default TestExecutionListener class names from location [META-INF/spring.factories]: [org.springframework.security.test.context.support.WithSecurityContextTestExecutionListener, org.springframework.security.test.context.support.ReactorContextTestExecutionListener, org.springframework.boot.test.autoconfigure.restdocs.RestDocsTestExecutionListener, org.springframework.boot.test.autoconfigure.web.client.MockRestServiceServerResetTestExecutionListener, org.springframework.boot.test.autoconfigure.web.servlet.MockMvcPrintOnlyOnFailureTestExecutionListener, org.springframework.boot.test.autoconfigure.web.servlet.WebDriverTestExecutionListener, org.springframework.boot.test.mock.mockito.MockitoTestExecutionListener, org.springframework.boot.test.mock.mockito.ResetMocksTestExecutionListener, org.springframework.test.context.web.ServletTestExecutionListener, org.springframework.test.context.support.DirtiesContextBeforeModesTestExecutionListener, org.springframework.test.context.support.DependencyInjectionTestExecutionListener, org.springframework.test.context.support.DirtiesContextTestExecutionListener, org.springframework.test.context.transaction.TransactionalTestExecutionListener, org.springframework.test.context.jdbc.SqlScriptsTestExecutionListener]
2022-07-11 02:15:39.887  INFO 20576 --- [    Test worker] .b.t.c.SpringBootTestContextBootstrapper : Using TestExecutionListeners: [org.springframework.test.context.web.ServletTestExecutionListener@5ef6f981, org.springframework.test.context.support.DirtiesContextBeforeModesTestExecutionListener@2a0fb89e, org.springframework.boot.test.mock.mockito.MockitoTestExecutionListener@735b501d, org.springframework.boot.test.autoconfigure.SpringBootDependencyInjectionTestExecutionListener@7a128b49, org.springframework.test.context.support.DirtiesContextTestExecutionListener@13c15f7b, org.springframework.test.context.transaction.TransactionalTestExecutionListener@44ddded5, org.springframework.test.context.jdbc.SqlScriptsTestExecutionListener@6dafa5eb, org.springframework.security.test.context.support.WithSecurityContextTestExecutionListener@38923d4, org.springframework.security.test.context.support.ReactorContextTestExecutionListener@1aaa9e59, org.springframework.boot.test.autoconfigure.restdocs.RestDocsTestExecutionListener@30abc0af, org.springframework.boot.test.autoconfigure.web.client.MockRestServiceServerResetTestExecutionListener@203bbbac, org.springframework.boot.test.autoconfigure.web.servlet.MockMvcPrintOnlyOnFailureTestExecutionListener@6ae6abfc, org.springframework.boot.test.autoconfigure.web.servlet.WebDriverTestExecutionListener@24f0a8af, org.springframework.boot.test.mock.mockito.ResetMocksTestExecutionListener@4a30ba26]

  .   ____          _            __ _ _
 /\\ / ___'_ __ _ _(_)_ __  __ _ \ \ \ \
( ( )\___ | '_ | '_| | '_ \/ _` | \ \ \ \
 \\/  ___)| |_)| | | | | || (_| |  ) ) ) )
  '  |____| .__|_| |_|_| |_\__, | / / / /
 =========|_|==============|___/=/_/_/_/
 :: Spring Boot ::        (v2.1.7.RELEASE)

2022-07-11 02:15:40.260  INFO 20576 --- [    Test worker] c.s.dongbok.web.PostApiControllerTest    : Starting PostApiControllerTest on dongbok with PID 20576 (started by 이동복 in C:\Users\typoo\Desktop\study\springboot_aws_webservice\dongbok)
2022-07-11 02:15:40.264  INFO 20576 --- [    Test worker] c.s.dongbok.web.PostApiControllerTest    : No active profile set, falling back to default profiles: default
2022-07-11 02:15:42.519  INFO 20576 --- [    Test worker] .s.d.r.c.RepositoryConfigurationDelegate : Bootstrapping Spring Data repositories in DEFAULT mode.
2022-07-11 02:15:42.746  INFO 20576 --- [    Test worker] .s.d.r.c.RepositoryConfigurationDelegate : Finished Spring Data repository scanning in 226ms. Found 2 repository interfaces.
2022-07-11 02:15:43.645  INFO 20576 --- [    Test worker] trationDelegate$BeanPostProcessorChecker : Bean 'org.springframework.transaction.annotation.ProxyTransactionManagementConfiguration' of type [org.springframework.transaction.annotation.ProxyTransactionManagementConfiguration$$EnhancerBySpringCGLIB$$15acbcbd] is not eligible for getting processed by all BeanPostProcessors (for example: not eligible for auto-proxying)
2022-07-11 02:15:45.476  INFO 20576 --- [    Test worker] o.s.b.w.embedded.tomcat.TomcatWebServer  : Tomcat initialized with port(s): 0 (http)
2022-07-11 02:15:45.741  INFO 20576 --- [    Test worker] o.apache.catalina.core.StandardService   : Starting service [Tomcat]
2022-07-11 02:15:45.743  INFO 20576 --- [    Test worker] org.apache.catalina.core.StandardEngine  : Starting Servlet engine: [Apache Tomcat/9.0.22]
2022-07-11 02:15:47.336  INFO 20576 --- [    Test worker] o.a.c.c.C.[Tomcat].[localhost].[/]       : Initializing Spring embedded WebApplicationContext
2022-07-11 02:15:47.337  INFO 20576 --- [    Test worker] o.s.web.context.ContextLoader            : Root WebApplicationContext: initialization completed in 7049 ms
2022-07-11 02:15:48.113  INFO 20576 --- [    Test worker] com.zaxxer.hikari.HikariDataSource       : HikariPool-2 - Starting...
2022-07-11 02:15:48.193  INFO 20576 --- [    Test worker] com.zaxxer.hikari.HikariDataSource       : HikariPool-2 - Start completed.
2022-07-11 02:15:48.346  INFO 20576 --- [    Test worker] o.hibernate.jpa.internal.util.LogHelper  : HHH000204: Processing PersistenceUnitInfo [
	name: default
	...]
2022-07-11 02:15:48.479  INFO 20576 --- [    Test worker] org.hibernate.dialect.Dialect            : HHH000400: Using dialect: org.hibernate.dialect.MySQL57Dialect
2022-07-11 02:15:48.882  INFO 20576 --- [    Test worker] j.LocalContainerEntityManagerFactoryBean : Initialized JPA EntityManagerFactory for persistence unit 'default'
2022-07-11 02:15:51.099  INFO 20576 --- [    Test worker] o.h.h.i.QueryTranslatorFactoryInitiator  : HHH000397: Using ASTQueryTranslatorFactory
2022-07-11 02:15:51.834  INFO 20576 --- [    Test worker] o.s.s.web.DefaultSecurityFilterChain     : Creating filter chain: any request, [org.springframework.security.web.context.request.async.WebAsyncManagerIntegrationFilter@5a3cdd4, org.springframework.security.web.context.SecurityContextPersistenceFilter@53ad2f81, org.springframework.security.web.header.HeaderWriterFilter@452f8317, org.springframework.security.web.authentication.logout.LogoutFilter@32fe8b7a, org.springframework.security.oauth2.client.web.OAuth2AuthorizationRequestRedirectFilter@91f0111, org.springframework.security.oauth2.client.web.OAuth2LoginAuthenticationFilter@760398ad, org.springframework.security.web.authentication.ui.DefaultLoginPageGeneratingFilter@8956cce, org.springframework.security.web.authentication.ui.DefaultLogoutPageGeneratingFilter@308a292e, org.springframework.security.web.savedrequest.RequestCacheAwareFilter@74cdd496, org.springframework.security.web.servletapi.SecurityContextHolderAwareRequestFilter@4dc3d623, org.springframework.security.web.authentication.AnonymousAuthenticationFilter@41eca1a7, org.springframework.security.web.session.SessionManagementFilter@41d08875, org.springframework.security.web.access.ExceptionTranslationFilter@ff50644, org.springframework.security.web.access.intercept.FilterSecurityInterceptor@7bd9d8a6]
2022-07-11 02:15:52.710  INFO 20576 --- [    Test worker] o.s.s.concurrent.ThreadPoolTaskExecutor  : Initializing ExecutorService 'applicationTaskExecutor'
2022-07-11 02:15:52.773  WARN 20576 --- [    Test worker] aWebConfiguration$JpaWebMvcConfiguration : spring.jpa.open-in-view is enabled by default. Therefore, database queries may be performed during view rendering. Explicitly configure spring.jpa.open-in-view to disable this warning
2022-07-11 02:15:52.939  INFO 20576 --- [    Test worker] o.s.b.a.w.s.WelcomePageHandlerMapping    : Adding welcome page template: index
2022-07-11 02:15:54.511  INFO 20576 --- [    Test worker] s.a.ScheduledAnnotationBeanPostProcessor : No TaskScheduler/ScheduledExecutorService bean found for scheduled processing
2022-07-11 02:15:54.599  INFO 20576 --- [    Test worker] o.s.b.w.embedded.tomcat.TomcatWebServer  : Tomcat started on port(s): 7195 (http) with context path ''
2022-07-11 02:15:54.601  INFO 20576 --- [    Test worker] c.s.dongbok.web.PostApiControllerTest    : Started PostApiControllerTest in 14.706 seconds (JVM running for 86.038)
2022-07-11 02:15:54.643  INFO 20576 --- [    Test worker] o.a.c.c.C.[Tomcat].[localhost].[/]       : Initializing Spring TestDispatcherServlet ''
2022-07-11 02:15:54.643  INFO 20576 --- [    Test worker] o.s.t.web.servlet.TestDispatcherServlet  : Initializing Servlet ''
2022-07-11 02:15:54.702  INFO 20576 --- [    Test worker] o.s.t.web.servlet.TestDispatcherServlet  : Completed initialization in 59 ms
2022-07-11 02:15:55.271  INFO 20576 --- [    Test worker] o.a.c.c.C.[Tomcat].[localhost].[/]       : Initializing Spring TestDispatcherServlet ''
2022-07-11 02:15:55.272  INFO 20576 --- [    Test worker] o.s.t.web.servlet.TestDispatcherServlet  : Initializing Servlet ''
2022-07-11 02:15:55.284  INFO 20576 --- [    Test worker] o.s.t.web.servlet.TestDispatcherServlet  : Completed initialization in 12 ms
]]></system-out>
  <system-err><![CDATA[]]></system-err>
</testsuite>
