<?xml version="1.0" encoding="UTF-8"?>
<testsuite name="com.study.dongbok.web.HelloControllerTest" tests="2" skipped="0" failures="0" errors="0" timestamp="2022-07-10T18:40:58" hostname="DONGBOK" time="0.59">
  <properties/>
  <testcase name="hello가_리턴된다()" classname="com.study.dongbok.web.HelloControllerTest" time="0.239"/>
  <testcase name="helloDto가_리턴된다()" classname="com.study.dongbok.web.HelloControllerTest" time="0.346"/>
  <system-out><![CDATA[2022-07-11 03:40:53.448  INFO 13304 --- [    Test worker] .b.t.a.w.s.WebMvcTestContextBootstrapper : Neither @ContextConfiguration nor @ContextHierarchy found for test class [com.study.dongbok.web.HelloControllerTest], using SpringBootContextLoader
2022-07-11 03:40:53.454  INFO 13304 --- [    Test worker] o.s.t.c.support.AbstractContextLoader    : Could not detect default resource locations for test class [com.study.dongbok.web.HelloControllerTest]: no resource found for suffixes {-context.xml, Context.groovy}.
2022-07-11 03:40:53.455  INFO 13304 --- [    Test worker] t.c.s.AnnotationConfigContextLoaderUtils : Could not detect default configuration classes for test class [com.study.dongbok.web.HelloControllerTest]: HelloControllerTest does not declare any static, non-private, non-final, nested classes annotated with @Configuration.
2022-07-11 03:40:53.593  INFO 13304 --- [    Test worker] .b.t.c.SpringBootTestContextBootstrapper : Found @SpringBootConfiguration com.study.dongbok.Application for test class com.study.dongbok.web.HelloControllerTest
2022-07-11 03:40:53.597  INFO 13304 --- [    Test worker] .b.t.a.w.s.WebMvcTestContextBootstrapper : Loaded default TestExecutionListener class names from location [META-INF/spring.factories]: [org.springframework.security.test.context.support.WithSecurityContextTestExecutionListener, org.springframework.security.test.context.support.ReactorContextTestExecutionListener, org.springframework.boot.test.autoconfigure.restdocs.RestDocsTestExecutionListener, org.springframework.boot.test.autoconfigure.web.client.MockRestServiceServerResetTestExecutionListener, org.springframework.boot.test.autoconfigure.web.servlet.MockMvcPrintOnlyOnFailureTestExecutionListener, org.springframework.boot.test.autoconfigure.web.servlet.WebDriverTestExecutionListener, org.springframework.boot.test.mock.mockito.MockitoTestExecutionListener, org.springframework.boot.test.mock.mockito.ResetMocksTestExecutionListener, org.springframework.test.context.web.ServletTestExecutionListener, org.springframework.test.context.support.DirtiesContextBeforeModesTestExecutionListener, org.springframework.test.context.support.DependencyInjectionTestExecutionListener, org.springframework.test.context.support.DirtiesContextTestExecutionListener, org.springframework.test.context.transaction.TransactionalTestExecutionListener, org.springframework.test.context.jdbc.SqlScriptsTestExecutionListener]
2022-07-11 03:40:53.603  INFO 13304 --- [    Test worker] .b.t.a.w.s.WebMvcTestContextBootstrapper : Using TestExecutionListeners: [org.springframework.test.context.web.ServletTestExecutionListener@51265927, org.springframework.test.context.support.DirtiesContextBeforeModesTestExecutionListener@353a557, org.springframework.boot.test.mock.mockito.MockitoTestExecutionListener@46ba56d0, org.springframework.boot.test.autoconfigure.SpringBootDependencyInjectionTestExecutionListener@2c8f006a, org.springframework.test.context.support.DirtiesContextTestExecutionListener@4f038bbd, org.springframework.test.context.transaction.TransactionalTestExecutionListener@51e4e617, org.springframework.test.context.jdbc.SqlScriptsTestExecutionListener@457c262d, org.springframework.security.test.context.support.WithSecurityContextTestExecutionListener@11a4f2b8, org.springframework.security.test.context.support.ReactorContextTestExecutionListener@42a9cd52, org.springframework.boot.test.autoconfigure.restdocs.RestDocsTestExecutionListener@348b4f4e, org.springframework.boot.test.autoconfigure.web.client.MockRestServiceServerResetTestExecutionListener@10625abc, org.springframework.boot.test.autoconfigure.web.servlet.MockMvcPrintOnlyOnFailureTestExecutionListener@26655b3a, org.springframework.boot.test.autoconfigure.web.servlet.WebDriverTestExecutionListener@2aaac1f9, org.springframework.boot.test.mock.mockito.ResetMocksTestExecutionListener@44b50add]

  .   ____          _            __ _ _
 /\\ / ___'_ __ _ _(_)_ __  __ _ \ \ \ \
( ( )\___ | '_ | '_| | '_ \/ _` | \ \ \ \
 \\/  ___)| |_)| | | | | || (_| |  ) ) ) )
  '  |____| .__|_| |_|_| |_\__, | / / / /
 =========|_|==============|___/=/_/_/_/
 :: Spring Boot ::        (v2.1.7.RELEASE)

2022-07-11 03:40:53.832  INFO 13304 --- [    Test worker] c.study.dongbok.web.HelloControllerTest  : Starting HelloControllerTest on dongbok with PID 13304 (started by 이동복 in C:\Users\typoo\Desktop\study\springboot_aws_webservice\dongbok)
2022-07-11 03:40:53.836  INFO 13304 --- [    Test worker] c.study.dongbok.web.HelloControllerTest  : No active profile set, falling back to default profiles: default
2022-07-11 03:40:56.467  INFO 13304 --- [    Test worker] o.s.s.concurrent.ThreadPoolTaskExecutor  : Initializing ExecutorService 'applicationTaskExecutor'
2022-07-11 03:40:56.680  INFO 13304 --- [    Test worker] o.s.b.a.w.s.WelcomePageHandlerMapping    : Adding welcome page template: index
2022-07-11 03:40:57.714  INFO 13304 --- [    Test worker] .s.s.UserDetailsServiceAutoConfiguration : 

Using generated security password: c067a995-95e7-4b0e-88f4-7f52c2373f99

2022-07-11 03:40:58.275  INFO 13304 --- [    Test worker] o.s.s.web.DefaultSecurityFilterChain     : Creating filter chain: any request, [org.springframework.security.web.context.request.async.WebAsyncManagerIntegrationFilter@8bf4e47, org.springframework.security.web.context.SecurityContextPersistenceFilter@65adf154, org.springframework.security.web.header.HeaderWriterFilter@379015e9, org.springframework.security.web.csrf.CsrfFilter@5512607, org.springframework.security.web.authentication.logout.LogoutFilter@bd6475e, org.springframework.security.web.authentication.UsernamePasswordAuthenticationFilter@364a8677, org.springframework.security.web.authentication.ui.DefaultLoginPageGeneratingFilter@7b9ea004, org.springframework.security.web.authentication.ui.DefaultLogoutPageGeneratingFilter@40094168, org.springframework.security.web.authentication.www.BasicAuthenticationFilter@3ba4594b, org.springframework.security.web.savedrequest.RequestCacheAwareFilter@1cdbb53f, org.springframework.security.web.servletapi.SecurityContextHolderAwareRequestFilter@2bd3c410, org.springframework.security.web.authentication.AnonymousAuthenticationFilter@597e2623, org.springframework.security.web.session.SessionManagementFilter@3bfd7c02, org.springframework.security.web.access.ExceptionTranslationFilter@41f70f19, org.springframework.security.web.access.intercept.FilterSecurityInterceptor@5d58eb5c]
2022-07-11 03:40:58.400  INFO 13304 --- [    Test worker] o.s.b.t.m.w.SpringBootMockServletContext : Initializing Spring TestDispatcherServlet ''
2022-07-11 03:40:58.400  INFO 13304 --- [    Test worker] o.s.t.web.servlet.TestDispatcherServlet  : Initializing Servlet ''
2022-07-11 03:40:58.440  INFO 13304 --- [    Test worker] o.s.t.web.servlet.TestDispatcherServlet  : Completed initialization in 39 ms
2022-07-11 03:40:58.541  INFO 13304 --- [    Test worker] c.study.dongbok.web.HelloControllerTest  : Started HelloControllerTest in 4.926 seconds (JVM running for 49.059)
]]></system-out>
  <system-err><![CDATA[]]></system-err>
</testsuite>
