<?xml version="1.0" encoding="UTF-8"?>
<testsuite name="com.study.dongbok.web.HelloControllerTest" tests="2" skipped="0" failures="0" errors="0" timestamp="2022-07-09T18:24:13" hostname="DONGBOK" time="0.95">
  <properties/>
  <testcase name="hello가_리턴된다()" classname="com.study.dongbok.web.HelloControllerTest" time="0.379"/>
  <testcase name="helloDto가_리턴된다()" classname="com.study.dongbok.web.HelloControllerTest" time="0.566"/>
  <system-out><![CDATA[2022-07-10 03:24:01.067  INFO 31660 --- [    Test worker] .b.t.a.w.s.WebMvcTestContextBootstrapper : Neither @ContextConfiguration nor @ContextHierarchy found for test class [com.study.dongbok.web.HelloControllerTest], using SpringBootContextLoader
2022-07-10 03:24:01.072  INFO 31660 --- [    Test worker] o.s.t.c.support.AbstractContextLoader    : Could not detect default resource locations for test class [com.study.dongbok.web.HelloControllerTest]: no resource found for suffixes {-context.xml, Context.groovy}.
2022-07-10 03:24:01.074  INFO 31660 --- [    Test worker] t.c.s.AnnotationConfigContextLoaderUtils : Could not detect default configuration classes for test class [com.study.dongbok.web.HelloControllerTest]: HelloControllerTest does not declare any static, non-private, non-final, nested classes annotated with @Configuration.
2022-07-10 03:24:01.190  INFO 31660 --- [    Test worker] .b.t.c.SpringBootTestContextBootstrapper : Found @SpringBootConfiguration com.study.dongbok.Application for test class com.study.dongbok.web.HelloControllerTest
2022-07-10 03:24:01.196  INFO 31660 --- [    Test worker] .b.t.a.w.s.WebMvcTestContextBootstrapper : Loaded default TestExecutionListener class names from location [META-INF/spring.factories]: [org.springframework.security.test.context.support.WithSecurityContextTestExecutionListener, org.springframework.security.test.context.support.ReactorContextTestExecutionListener, org.springframework.boot.test.autoconfigure.restdocs.RestDocsTestExecutionListener, org.springframework.boot.test.autoconfigure.web.client.MockRestServiceServerResetTestExecutionListener, org.springframework.boot.test.autoconfigure.web.servlet.MockMvcPrintOnlyOnFailureTestExecutionListener, org.springframework.boot.test.autoconfigure.web.servlet.WebDriverTestExecutionListener, org.springframework.boot.test.mock.mockito.MockitoTestExecutionListener, org.springframework.boot.test.mock.mockito.ResetMocksTestExecutionListener, org.springframework.test.context.web.ServletTestExecutionListener, org.springframework.test.context.support.DirtiesContextBeforeModesTestExecutionListener, org.springframework.test.context.support.DependencyInjectionTestExecutionListener, org.springframework.test.context.support.DirtiesContextTestExecutionListener, org.springframework.test.context.transaction.TransactionalTestExecutionListener, org.springframework.test.context.jdbc.SqlScriptsTestExecutionListener]
2022-07-10 03:24:01.206  INFO 31660 --- [    Test worker] .b.t.a.w.s.WebMvcTestContextBootstrapper : Using TestExecutionListeners: [org.springframework.test.context.web.ServletTestExecutionListener@6db13aba, org.springframework.test.context.support.DirtiesContextBeforeModesTestExecutionListener@1d889a10, org.springframework.boot.test.mock.mockito.MockitoTestExecutionListener@6022a205, org.springframework.boot.test.autoconfigure.SpringBootDependencyInjectionTestExecutionListener@693e8388, org.springframework.test.context.support.DirtiesContextTestExecutionListener@dbe10ff, org.springframework.test.context.transaction.TransactionalTestExecutionListener@543f5342, org.springframework.test.context.jdbc.SqlScriptsTestExecutionListener@21f8f14a, org.springframework.security.test.context.support.WithSecurityContextTestExecutionListener@3cc7143e, org.springframework.security.test.context.support.ReactorContextTestExecutionListener@4103c2b1, org.springframework.boot.test.autoconfigure.restdocs.RestDocsTestExecutionListener@6f883c90, org.springframework.boot.test.autoconfigure.web.client.MockRestServiceServerResetTestExecutionListener@91cf28a, org.springframework.boot.test.autoconfigure.web.servlet.MockMvcPrintOnlyOnFailureTestExecutionListener@d7e7173, org.springframework.boot.test.autoconfigure.web.servlet.WebDriverTestExecutionListener@52b72c27, org.springframework.boot.test.mock.mockito.ResetMocksTestExecutionListener@7c75e65d]

  .   ____          _            __ _ _
 /\\ / ___'_ __ _ _(_)_ __  __ _ \ \ \ \
( ( )\___ | '_ | '_| | '_ \/ _` | \ \ \ \
 \\/  ___)| |_)| | | | | || (_| |  ) ) ) )
  '  |____| .__|_| |_|_| |_\__, | / / / /
 =========|_|==============|___/=/_/_/_/
 :: Spring Boot ::        (v2.1.7.RELEASE)

2022-07-10 03:24:01.549  INFO 31660 --- [    Test worker] c.study.dongbok.web.HelloControllerTest  : Starting HelloControllerTest on dongbok with PID 31660 (started by 이동복 in C:\Users\typoo\Desktop\study\springboot_aws_webservice\dongbok)
2022-07-10 03:24:01.586  INFO 31660 --- [    Test worker] c.study.dongbok.web.HelloControllerTest  : No active profile set, falling back to default profiles: default
2022-07-10 03:24:07.953  INFO 31660 --- [    Test worker] o.s.s.concurrent.ThreadPoolTaskExecutor  : Initializing ExecutorService 'applicationTaskExecutor'
2022-07-10 03:24:08.381  INFO 31660 --- [    Test worker] o.s.b.a.w.s.WelcomePageHandlerMapping    : Adding welcome page template: index
2022-07-10 03:24:10.679  INFO 31660 --- [    Test worker] .s.s.UserDetailsServiceAutoConfiguration : 

Using generated security password: 467dfea9-ffbe-4149-8f19-5b0baf6d4bee

2022-07-10 03:24:13.115  INFO 31660 --- [    Test worker] o.s.s.web.DefaultSecurityFilterChain     : Creating filter chain: any request, [org.springframework.security.web.context.request.async.WebAsyncManagerIntegrationFilter@964346f, org.springframework.security.web.context.SecurityContextPersistenceFilter@6a764f3, org.springframework.security.web.header.HeaderWriterFilter@625f1152, org.springframework.security.web.csrf.CsrfFilter@32930d58, org.springframework.security.web.authentication.logout.LogoutFilter@46ac5058, org.springframework.security.web.authentication.UsernamePasswordAuthenticationFilter@4334779e, org.springframework.security.web.authentication.ui.DefaultLoginPageGeneratingFilter@5ff3661d, org.springframework.security.web.authentication.ui.DefaultLogoutPageGeneratingFilter@563aaa77, org.springframework.security.web.authentication.www.BasicAuthenticationFilter@aca9e0c, org.springframework.security.web.savedrequest.RequestCacheAwareFilter@6c552842, org.springframework.security.web.servletapi.SecurityContextHolderAwareRequestFilter@761a711b, org.springframework.security.web.authentication.AnonymousAuthenticationFilter@85e6442, org.springframework.security.web.session.SessionManagementFilter@480c298c, org.springframework.security.web.access.ExceptionTranslationFilter@20794c21, org.springframework.security.web.access.intercept.FilterSecurityInterceptor@6c243df2]
2022-07-10 03:24:13.310  INFO 31660 --- [    Test worker] o.s.b.t.m.w.SpringBootMockServletContext : Initializing Spring TestDispatcherServlet ''
2022-07-10 03:24:13.311  INFO 31660 --- [    Test worker] o.s.t.web.servlet.TestDispatcherServlet  : Initializing Servlet ''
2022-07-10 03:24:13.410  INFO 31660 --- [    Test worker] o.s.t.web.servlet.TestDispatcherServlet  : Completed initialization in 98 ms
2022-07-10 03:24:13.811  INFO 31660 --- [    Test worker] c.study.dongbok.web.HelloControllerTest  : Started HelloControllerTest in 12.586 seconds (JVM running for 91.217)
]]></system-out>
  <system-err><![CDATA[]]></system-err>
</testsuite>
