<?xml version="1.0" encoding="UTF-8"?>
<testsuite name="com.study.dongbok.web.PostApiControllerTest" tests="2" skipped="0" failures="0" errors="0" timestamp="2022-07-09T18:24:14" hostname="DONGBOK" time="0.998">
  <properties/>
  <testcase name="Posts_등록된다()" classname="com.study.dongbok.web.PostApiControllerTest" time="0.714"/>
  <testcase name="Posts_수정된다()" classname="com.study.dongbok.web.PostApiControllerTest" time="0.28"/>
  <system-out><![CDATA[2022-07-10 03:24:14.812  INFO 31660 --- [    Test worker] .b.t.c.SpringBootTestContextBootstrapper : Neither @ContextConfiguration nor @ContextHierarchy found for test class [com.study.dongbok.web.PostApiControllerTest], using SpringBootContextLoader
2022-07-10 03:24:14.821  INFO 31660 --- [    Test worker] o.s.t.c.support.AbstractContextLoader    : Could not detect default resource locations for test class [com.study.dongbok.web.PostApiControllerTest]: no resource found for suffixes {-context.xml, Context.groovy}.
2022-07-10 03:24:14.822  INFO 31660 --- [    Test worker] t.c.s.AnnotationConfigContextLoaderUtils : Could not detect default configuration classes for test class [com.study.dongbok.web.PostApiControllerTest]: PostApiControllerTest does not declare any static, non-private, non-final, nested classes annotated with @Configuration.
2022-07-10 03:24:14.830  INFO 31660 --- [    Test worker] .b.t.c.SpringBootTestContextBootstrapper : Found @SpringBootConfiguration com.study.dongbok.Application for test class com.study.dongbok.web.PostApiControllerTest
2022-07-10 03:24:14.839  INFO 31660 --- [    Test worker] .b.t.c.SpringBootTestContextBootstrapper : Loaded default TestExecutionListener class names from location [META-INF/spring.factories]: [org.springframework.security.test.context.support.WithSecurityContextTestExecutionListener, org.springframework.security.test.context.support.ReactorContextTestExecutionListener, org.springframework.boot.test.autoconfigure.restdocs.RestDocsTestExecutionListener, org.springframework.boot.test.autoconfigure.web.client.MockRestServiceServerResetTestExecutionListener, org.springframework.boot.test.autoconfigure.web.servlet.MockMvcPrintOnlyOnFailureTestExecutionListener, org.springframework.boot.test.autoconfigure.web.servlet.WebDriverTestExecutionListener, org.springframework.boot.test.mock.mockito.MockitoTestExecutionListener, org.springframework.boot.test.mock.mockito.ResetMocksTestExecutionListener, org.springframework.test.context.web.ServletTestExecutionListener, org.springframework.test.context.support.DirtiesContextBeforeModesTestExecutionListener, org.springframework.test.context.support.DependencyInjectionTestExecutionListener, org.springframework.test.context.support.DirtiesContextTestExecutionListener, org.springframework.test.context.transaction.TransactionalTestExecutionListener, org.springframework.test.context.jdbc.SqlScriptsTestExecutionListener]
2022-07-10 03:24:14.848  INFO 31660 --- [    Test worker] .b.t.c.SpringBootTestContextBootstrapper : Using TestExecutionListeners: [org.springframework.test.context.web.ServletTestExecutionListener@3d7d0d5a, org.springframework.test.context.support.DirtiesContextBeforeModesTestExecutionListener@187dfb03, org.springframework.boot.test.mock.mockito.MockitoTestExecutionListener@6e97ad6c, org.springframework.boot.test.autoconfigure.SpringBootDependencyInjectionTestExecutionListener@bb08850, org.springframework.test.context.support.DirtiesContextTestExecutionListener@5e7243a1, org.springframework.test.context.transaction.TransactionalTestExecutionListener@29a01e8f, org.springframework.test.context.jdbc.SqlScriptsTestExecutionListener@7a8f3a1a, org.springframework.security.test.context.support.WithSecurityContextTestExecutionListener@75f2cf13, org.springframework.security.test.context.support.ReactorContextTestExecutionListener@39d1f547, org.springframework.boot.test.autoconfigure.restdocs.RestDocsTestExecutionListener@102cd094, org.springframework.boot.test.autoconfigure.web.client.MockRestServiceServerResetTestExecutionListener@13706761, org.springframework.boot.test.autoconfigure.web.servlet.MockMvcPrintOnlyOnFailureTestExecutionListener@7099b84b, org.springframework.boot.test.autoconfigure.web.servlet.WebDriverTestExecutionListener@46d400d2, org.springframework.boot.test.mock.mockito.ResetMocksTestExecutionListener@300ad0ec]
2022-07-10 03:24:14.890  INFO 31660 --- [    Test worker] o.a.c.c.C.[Tomcat].[localhost].[/]       : Initializing Spring TestDispatcherServlet ''
2022-07-10 03:24:14.891  INFO 31660 --- [    Test worker] o.s.t.web.servlet.TestDispatcherServlet  : Initializing Servlet ''
2022-07-10 03:24:14.902  INFO 31660 --- [    Test worker] o.s.t.web.servlet.TestDispatcherServlet  : Completed initialization in 10 ms
2022-07-10 03:24:15.599  INFO 31660 --- [    Test worker] o.a.c.c.C.[Tomcat].[localhost].[/]       : Initializing Spring TestDispatcherServlet ''
2022-07-10 03:24:15.599  INFO 31660 --- [    Test worker] o.s.t.web.servlet.TestDispatcherServlet  : Initializing Servlet ''
2022-07-10 03:24:15.622  INFO 31660 --- [    Test worker] o.s.t.web.servlet.TestDispatcherServlet  : Completed initialization in 23 ms
]]></system-out>
  <system-err><![CDATA[]]></system-err>
</testsuite>
