<?xml version="1.0" encoding="UTF-8"?>
<testsuite name="com.study.dongbok.domain.posts.PostsRepositoryTest" tests="2" skipped="0" failures="0" errors="0" timestamp="2022-07-10T18:40:51" hostname="DONGBOK" time="1.658">
  <properties/>
  <testcase name="게시글저장_불러오기()" classname="com.study.dongbok.domain.posts.PostsRepositoryTest" time="1.425"/>
  <testcase name="BaseTimeEntity_등록()" classname="com.study.dongbok.domain.posts.PostsRepositoryTest" time="0.231"/>
  <system-out><![CDATA[03:40:16.911 [Test worker] DEBUG org.springframework.test.context.BootstrapUtils - Instantiating CacheAwareContextLoaderDelegate from class [org.springframework.test.context.cache.DefaultCacheAwareContextLoaderDelegate]
03:40:16.990 [Test worker] DEBUG org.springframework.test.context.BootstrapUtils - Instantiating BootstrapContext using constructor [public org.springframework.test.context.support.DefaultBootstrapContext(java.lang.Class,org.springframework.test.context.CacheAwareContextLoaderDelegate)]
03:40:17.061 [Test worker] DEBUG org.springframework.test.context.BootstrapUtils - Instantiating TestContextBootstrapper for test class [com.study.dongbok.domain.posts.PostsRepositoryTest] from class [org.springframework.boot.test.context.SpringBootTestContextBootstrapper]
03:40:17.099 [Test worker] INFO org.springframework.boot.test.context.SpringBootTestContextBootstrapper - Neither @ContextConfiguration nor @ContextHierarchy found for test class [com.study.dongbok.domain.posts.PostsRepositoryTest], using SpringBootContextLoader
03:40:17.116 [Test worker] DEBUG org.springframework.test.context.support.AbstractContextLoader - Did not detect default resource location for test class [com.study.dongbok.domain.posts.PostsRepositoryTest]: class path resource [com/study/dongbok/domain/posts/PostsRepositoryTest-context.xml] does not exist
03:40:17.119 [Test worker] DEBUG org.springframework.test.context.support.AbstractContextLoader - Did not detect default resource location for test class [com.study.dongbok.domain.posts.PostsRepositoryTest]: class path resource [com/study/dongbok/domain/posts/PostsRepositoryTestContext.groovy] does not exist
03:40:17.120 [Test worker] INFO org.springframework.test.context.support.AbstractContextLoader - Could not detect default resource locations for test class [com.study.dongbok.domain.posts.PostsRepositoryTest]: no resource found for suffixes {-context.xml, Context.groovy}.
03:40:17.123 [Test worker] INFO org.springframework.test.context.support.AnnotationConfigContextLoaderUtils - Could not detect default configuration classes for test class [com.study.dongbok.domain.posts.PostsRepositoryTest]: PostsRepositoryTest does not declare any static, non-private, non-final, nested classes annotated with @Configuration.
03:40:17.373 [Test worker] DEBUG org.springframework.test.context.support.ActiveProfilesUtils - Could not find an 'annotation declaring class' for annotation type [org.springframework.test.context.ActiveProfiles] and class [com.study.dongbok.domain.posts.PostsRepositoryTest]
03:40:17.731 [Test worker] DEBUG org.springframework.context.annotation.ClassPathScanningCandidateComponentProvider - Identified candidate component class: file [C:\Users\typoo\Desktop\study\springboot_aws_webservice\dongbok\build\classes\java\main\com\study\dongbok\Application.class]
03:40:17.739 [Test worker] INFO org.springframework.boot.test.context.SpringBootTestContextBootstrapper - Found @SpringBootConfiguration com.study.dongbok.Application for test class com.study.dongbok.domain.posts.PostsRepositoryTest
03:40:18.284 [Test worker] DEBUG org.springframework.boot.test.context.SpringBootTestContextBootstrapper - @TestExecutionListeners is not present for class [com.study.dongbok.domain.posts.PostsRepositoryTest]: using defaults.
03:40:18.288 [Test worker] INFO org.springframework.boot.test.context.SpringBootTestContextBootstrapper - Loaded default TestExecutionListener class names from location [META-INF/spring.factories]: [org.springframework.security.test.context.support.WithSecurityContextTestExecutionListener, org.springframework.security.test.context.support.ReactorContextTestExecutionListener, org.springframework.boot.test.autoconfigure.restdocs.RestDocsTestExecutionListener, org.springframework.boot.test.autoconfigure.web.client.MockRestServiceServerResetTestExecutionListener, org.springframework.boot.test.autoconfigure.web.servlet.MockMvcPrintOnlyOnFailureTestExecutionListener, org.springframework.boot.test.autoconfigure.web.servlet.WebDriverTestExecutionListener, org.springframework.boot.test.mock.mockito.MockitoTestExecutionListener, org.springframework.boot.test.mock.mockito.ResetMocksTestExecutionListener, org.springframework.test.context.web.ServletTestExecutionListener, org.springframework.test.context.support.DirtiesContextBeforeModesTestExecutionListener, org.springframework.test.context.support.DependencyInjectionTestExecutionListener, org.springframework.test.context.support.DirtiesContextTestExecutionListener, org.springframework.test.context.transaction.TransactionalTestExecutionListener, org.springframework.test.context.jdbc.SqlScriptsTestExecutionListener]
03:40:18.427 [Test worker] INFO org.springframework.boot.test.context.SpringBootTestContextBootstrapper - Using TestExecutionListeners: [org.springframework.test.context.web.ServletTestExecutionListener@1568e5e1, org.springframework.test.context.support.DirtiesContextBeforeModesTestExecutionListener@758a6231, org.springframework.boot.test.mock.mockito.MockitoTestExecutionListener@d50b57d, org.springframework.boot.test.autoconfigure.SpringBootDependencyInjectionTestExecutionListener@42eb6205, org.springframework.test.context.support.DirtiesContextTestExecutionListener@10fec054, org.springframework.test.context.transaction.TransactionalTestExecutionListener@3643b390, org.springframework.test.context.jdbc.SqlScriptsTestExecutionListener@3e301378, org.springframework.security.test.context.support.WithSecurityContextTestExecutionListener@27d2b5f1, org.springframework.security.test.context.support.ReactorContextTestExecutionListener@41c83d3f, org.springframework.boot.test.autoconfigure.restdocs.RestDocsTestExecutionListener@6a3cd9a5, org.springframework.boot.test.autoconfigure.web.client.MockRestServiceServerResetTestExecutionListener@54a9ac49, org.springframework.boot.test.autoconfigure.web.servlet.MockMvcPrintOnlyOnFailureTestExecutionListener@66e6e610, org.springframework.boot.test.autoconfigure.web.servlet.WebDriverTestExecutionListener@66c70e36, org.springframework.boot.test.mock.mockito.ResetMocksTestExecutionListener@6aba02ba]
03:40:18.441 [Test worker] DEBUG org.springframework.test.context.support.AbstractDirtiesContextTestExecutionListener - Before test class: context [DefaultTestContext@e7acf30 testClass = PostsRepositoryTest, testInstance = [null], testMethod = [null], testException = [null], mergedContextConfiguration = [WebMergedContextConfiguration@2f4680cb testClass = PostsRepositoryTest, locations = '{}', classes = '{class com.study.dongbok.Application}', contextInitializerClasses = '[]', activeProfiles = '{}', propertySourceLocations = '{}', propertySourceProperties = '{org.springframework.boot.test.context.SpringBootTestContextBootstrapper=true}', contextCustomizers = set[org.springframework.boot.test.autoconfigure.properties.PropertyMappingContextCustomizer@0, org.springframework.boot.test.autoconfigure.web.servlet.WebDriverContextCustomizerFactory$Customizer@58a4ac30, org.springframework.boot.test.context.filter.ExcludeFilterContextCustomizer@5af73caa, org.springframework.boot.test.json.DuplicateJsonObjectContextCustomizerFactory$DuplicateJsonObjectContextCustomizer@2641df8a, org.springframework.boot.test.mock.mockito.MockitoContextCustomizer@0, org.springframework.boot.test.web.client.TestRestTemplateContextCustomizer@54d323bf], resourceBasePath = 'src/main/webapp', contextLoader = 'org.springframework.boot.test.context.SpringBootContextLoader', parent = [null]], attributes = map['org.springframework.test.context.web.ServletTestExecutionListener.activateListener' -> true]], class annotated with @DirtiesContext [false] with mode [null].
03:40:18.563 [Test worker] DEBUG org.springframework.test.context.support.TestPropertySourceUtils - Adding inlined properties to environment: {spring.jmx.enabled=false, org.springframework.boot.test.context.SpringBootTestContextBootstrapper=true, server.port=-1}

  .   ____          _            __ _ _
 /\\ / ___'_ __ _ _(_)_ __  __ _ \ \ \ \
( ( )\___ | '_ | '_| | '_ \/ _` | \ \ \ \
 \\/  ___)| |_)| | | | | || (_| |  ) ) ) )
  '  |____| .__|_| |_|_| |_\__, | / / / /
 =========|_|==============|___/=/_/_/_/
 :: Spring Boot ::        (v2.1.7.RELEASE)

2022-07-11 03:40:19.718  INFO 13304 --- [    Test worker] c.s.d.domain.posts.PostsRepositoryTest   : Starting PostsRepositoryTest on dongbok with PID 13304 (started by 이동복 in C:\Users\typoo\Desktop\study\springboot_aws_webservice\dongbok)
2022-07-11 03:40:19.725  INFO 13304 --- [    Test worker] c.s.d.domain.posts.PostsRepositoryTest   : No active profile set, falling back to default profiles: default
2022-07-11 03:40:25.004  INFO 13304 --- [    Test worker] .s.d.r.c.RepositoryConfigurationDelegate : Bootstrapping Spring Data repositories in DEFAULT mode.
2022-07-11 03:40:25.416  INFO 13304 --- [    Test worker] .s.d.r.c.RepositoryConfigurationDelegate : Finished Spring Data repository scanning in 350ms. Found 2 repository interfaces.
2022-07-11 03:40:27.995  INFO 13304 --- [    Test worker] trationDelegate$BeanPostProcessorChecker : Bean 'org.springframework.transaction.annotation.ProxyTransactionManagementConfiguration' of type [org.springframework.transaction.annotation.ProxyTransactionManagementConfiguration$$EnhancerBySpringCGLIB$$89d12ad9] is not eligible for getting processed by all BeanPostProcessors (for example: not eligible for auto-proxying)
2022-07-11 03:40:29.065  INFO 13304 --- [    Test worker] com.zaxxer.hikari.HikariDataSource       : HikariPool-1 - Starting...
2022-07-11 03:40:29.389  INFO 13304 --- [    Test worker] com.zaxxer.hikari.HikariDataSource       : HikariPool-1 - Start completed.
2022-07-11 03:40:29.697  INFO 13304 --- [    Test worker] o.hibernate.jpa.internal.util.LogHelper  : HHH000204: Processing PersistenceUnitInfo [
	name: default
	...]
2022-07-11 03:40:30.029  INFO 13304 --- [    Test worker] org.hibernate.Version                    : HHH000412: Hibernate Core {5.3.10.Final}
2022-07-11 03:40:30.033  INFO 13304 --- [    Test worker] org.hibernate.cfg.Environment            : HHH000206: hibernate.properties not found
2022-07-11 03:40:30.882  INFO 13304 --- [    Test worker] o.hibernate.annotations.common.Version   : HCANN000001: Hibernate Commons Annotations {5.0.4.Final}
2022-07-11 03:40:31.959  INFO 13304 --- [    Test worker] org.hibernate.dialect.Dialect            : HHH000400: Using dialect: org.hibernate.dialect.MySQL57Dialect
2022-07-11 03:40:34.491  INFO 13304 --- [    Test worker] j.LocalContainerEntityManagerFactoryBean : Initialized JPA EntityManagerFactory for persistence unit 'default'
2022-07-11 03:40:37.437  INFO 13304 --- [    Test worker] o.h.h.i.QueryTranslatorFactoryInitiator  : HHH000397: Using ASTQueryTranslatorFactory
2022-07-11 03:40:40.960  INFO 13304 --- [    Test worker] o.s.s.web.DefaultSecurityFilterChain     : Creating filter chain: any request, [org.springframework.security.web.context.request.async.WebAsyncManagerIntegrationFilter@366ec83d, org.springframework.security.web.context.SecurityContextPersistenceFilter@51c03154, org.springframework.security.web.header.HeaderWriterFilter@5f6addc6, org.springframework.security.web.authentication.logout.LogoutFilter@44169bd5, org.springframework.security.oauth2.client.web.OAuth2AuthorizationRequestRedirectFilter@4c4a4b6f, org.springframework.security.oauth2.client.web.OAuth2LoginAuthenticationFilter@2cd9c18b, org.springframework.security.web.authentication.ui.DefaultLoginPageGeneratingFilter@5b53e214, org.springframework.security.web.authentication.ui.DefaultLogoutPageGeneratingFilter@2af589ee, org.springframework.security.web.savedrequest.RequestCacheAwareFilter@5018f47c, org.springframework.security.web.servletapi.SecurityContextHolderAwareRequestFilter@38d30d9e, org.springframework.security.web.authentication.AnonymousAuthenticationFilter@75e22b90, org.springframework.security.web.session.SessionManagementFilter@4743f4cf, org.springframework.security.web.access.ExceptionTranslationFilter@30f1152a, org.springframework.security.web.access.intercept.FilterSecurityInterceptor@4d457cd8]
2022-07-11 03:40:47.195  INFO 13304 --- [    Test worker] o.s.s.concurrent.ThreadPoolTaskExecutor  : Initializing ExecutorService 'applicationTaskExecutor'
2022-07-11 03:40:47.549  WARN 13304 --- [    Test worker] aWebConfiguration$JpaWebMvcConfiguration : spring.jpa.open-in-view is enabled by default. Therefore, database queries may be performed during view rendering. Explicitly configure spring.jpa.open-in-view to disable this warning
2022-07-11 03:40:47.888  INFO 13304 --- [    Test worker] o.s.b.a.w.s.WelcomePageHandlerMapping    : Adding welcome page template: index
2022-07-11 03:40:51.640  INFO 13304 --- [    Test worker] s.a.ScheduledAnnotationBeanPostProcessor : No TaskScheduler/ScheduledExecutorService bean found for scheduled processing
2022-07-11 03:40:51.698  INFO 13304 --- [    Test worker] c.s.d.domain.posts.PostsRepositoryTest   : Started PostsRepositoryTest in 33.089 seconds (JVM running for 42.216)
>>>>>>>>> CreateDate=2022-07-11T03:40:53, modifiedDate=2022-07-11T03:40:53
]]></system-out>
  <system-err><![CDATA[]]></system-err>
</testsuite>
